\BOOKMARK [1][-]{section.1}{DCNet}{}% 1
\BOOKMARK [2][-]{subsection.1.1}{Interfaz}{section.1}% 2
\BOOKMARK [2][-]{subsection.1.2}{Representaci\363n}{section.1}% 3
\BOOKMARK [2][-]{subsection.1.3}{Algoritmos}{section.1}% 4
\BOOKMARK [2][-]{subsection.1.4}{Servicios Usados}{section.1}% 5
\BOOKMARK [1][-]{section.2}{Red}{}% 6
\BOOKMARK [2][-]{subsection.2.1}{Interfaz}{section.2}% 7
\BOOKMARK [2][-]{subsection.2.2}{Representaci\363n}{section.2}% 8
\BOOKMARK [2][-]{subsection.2.3}{Invariante de representaci\363n}{section.2}% 9
\BOOKMARK [2][-]{subsection.2.4}{Funci\363n de abstracci\363n}{section.2}% 10
\BOOKMARK [2][-]{subsection.2.5}{Algoritmos}{section.2}% 11
\BOOKMARK [3][-]{subsubsection.2.5.1}{Extensi\363n m\363dulo diccionario}{subsection.2.5}% 12
\BOOKMARK [1][-]{section.3}{ConjLog}{}% 13
\BOOKMARK [2][-]{subsection.3.1}{Interfaz\(, =, <\)}{section.3}% 14
\BOOKMARK [3][-]{subsubsection.3.1.1}{par\341metros formales}{subsection.3.1}% 15
\BOOKMARK [2][-]{subsection.3.2}{Representaci\363n}{section.3}% 16
\BOOKMARK [2][-]{subsection.3.3}{Invariante de representaci\363n}{section.3}% 17
\BOOKMARK [2][-]{subsection.3.4}{Funci\363n de abstracci\363n}{section.3}% 18
\BOOKMARK [2][-]{subsection.3.5}{Algoritmos}{section.3}% 19
\BOOKMARK [2][-]{subsection.3.6}{Auxiliares}{section.3}% 20
\BOOKMARK [2][-]{subsection.3.7}{Operaciones auxiliares de conj\(\)}{section.3}% 21
\BOOKMARK [1][-]{section.4}{Diccionario por Prefijos}{}% 22
\BOOKMARK [2][-]{subsection.4.1}{Interfaz}{section.4}% 23
\BOOKMARK [1][-]{section.5}{Paquete}{}% 24
\BOOKMARK [2][-]{subsection.5.1}{Interfaz}{section.5}% 25
\BOOKMARK [2][-]{subsection.5.2}{Representaci\363n}{section.5}% 26
\BOOKMARK [1][-]{section.6}{PaquetePos}{}% 27
\BOOKMARK [2][-]{subsection.6.1}{Interfaz}{section.6}% 28
\BOOKMARK [2][-]{subsection.6.2}{Representaci\363n}{section.6}% 29
\BOOKMARK [1][-]{section.7}{ColaP}{}% 30
\BOOKMARK [2][-]{subsection.7.1}{Interfaz\(, =, <\)}{section.7}% 31
\BOOKMARK [3][-]{subsubsection.7.1.1}{par\341metros formales}{subsection.7.1}% 32
\BOOKMARK [2][-]{subsection.7.2}{Operaciones}{section.7}% 33
\BOOKMARK [2][-]{subsection.7.3}{Representaci\363n}{section.7}% 34
\BOOKMARK [3][-]{subsubsection.7.3.1}{Invariante de representaci\363n}{subsection.7.3}% 35
\BOOKMARK [2][-]{subsection.7.4}{Funci\363n de abstracci\363n}{section.7}% 36
\BOOKMARK [2][-]{subsection.7.5}{Algoritmos}{section.7}% 37
